{"C:\\Users\\ferna\\Downloads\\Raunidad1\\RA\\server.js": {"path":"C:\\Users\\ferna\\Downloads\\Raunidad1\\RA\\server.js","statementMap":{"0":{"start":{"line":1,"column":16},"end":{"line":1,"column":34}},"1":{"start":{"line":2,"column":19},"end":{"line":2,"column":41}},"2":{"start":{"line":3,"column":17},"end":{"line":3,"column":36}},"3":{"start":{"line":4,"column":12},"end":{"line":4,"column":21}},"4":{"start":{"line":7,"column":0},"end":{"line":21,"column":3}},"5":{"start":{"line":11,"column":4},"end":{"line":11,"column":54}},"6":{"start":{"line":13,"column":18},"end":{"line":13,"column":39}},"7":{"start":{"line":14,"column":4},"end":{"line":14,"column":52}},"8":{"start":{"line":15,"column":4},"end":{"line":17,"column":7}},"9":{"start":{"line":16,"column":8},"end":{"line":16,"column":81}},"10":{"start":{"line":20,"column":4},"end":{"line":20,"column":57}},"11":{"start":{"line":24,"column":23},"end":{"line":27,"column":2}},"12":{"start":{"line":28,"column":17},"end":{"line":28,"column":71}},"13":{"start":{"line":30,"column":21},"end":{"line":35,"column":2}},"14":{"start":{"line":36,"column":15},"end":{"line":36,"column":63}},"15":{"start":{"line":39,"column":0},"end":{"line":39,"column":51}},"16":{"start":{"line":40,"column":0},"end":{"line":40,"column":27}},"17":{"start":{"line":41,"column":0},"end":{"line":41,"column":34}},"18":{"start":{"line":44,"column":0},"end":{"line":84,"column":3}},"19":{"start":{"line":45,"column":22},"end":{"line":45,"column":42}},"20":{"start":{"line":46,"column":22},"end":{"line":46,"column":42}},"21":{"start":{"line":48,"column":4},"end":{"line":48,"column":81}},"22":{"start":{"line":51,"column":22},"end":{"line":51,"column":33}},"23":{"start":{"line":52,"column":22},"end":{"line":52,"column":59}},"24":{"start":{"line":54,"column":4},"end":{"line":57,"column":5}},"25":{"start":{"line":55,"column":8},"end":{"line":55,"column":43}},"26":{"start":{"line":56,"column":8},"end":{"line":56,"column":96}},"27":{"start":{"line":59,"column":4},"end":{"line":62,"column":5}},"28":{"start":{"line":60,"column":8},"end":{"line":60,"column":46}},"29":{"start":{"line":61,"column":8},"end":{"line":61,"column":117}},"30":{"start":{"line":64,"column":4},"end":{"line":83,"column":5}},"31":{"start":{"line":65,"column":34},"end":{"line":65,"column":77}},"32":{"start":{"line":67,"column":8},"end":{"line":70,"column":9}},"33":{"start":{"line":68,"column":12},"end":{"line":68,"column":52}},"34":{"start":{"line":69,"column":12},"end":{"line":69,"column":55}},"35":{"start":{"line":72,"column":8},"end":{"line":78,"column":9}},"36":{"start":{"line":73,"column":12},"end":{"line":73,"column":64}},"37":{"start":{"line":74,"column":12},"end":{"line":74,"column":61}},"38":{"start":{"line":76,"column":12},"end":{"line":76,"column":52}},"39":{"start":{"line":77,"column":12},"end":{"line":77,"column":56}},"40":{"start":{"line":81,"column":8},"end":{"line":81,"column":56}},"41":{"start":{"line":82,"column":8},"end":{"line":82,"column":60}},"42":{"start":{"line":88,"column":0},"end":{"line":111,"column":3}},"43":{"start":{"line":89,"column":42},"end":{"line":89,"column":50}},"44":{"start":{"line":92,"column":4},"end":{"line":95,"column":5}},"45":{"start":{"line":93,"column":8},"end":{"line":93,"column":68}},"46":{"start":{"line":94,"column":8},"end":{"line":94,"column":107}},"47":{"start":{"line":97,"column":4},"end":{"line":110,"column":5}},"48":{"start":{"line":98,"column":28},"end":{"line":102,"column":10}},"49":{"start":{"line":104,"column":8},"end":{"line":104,"column":33}},"50":{"start":{"line":105,"column":8},"end":{"line":105,"column":55}},"51":{"start":{"line":106,"column":8},"end":{"line":106,"column":52}},"52":{"start":{"line":108,"column":8},"end":{"line":108,"column":59}},"53":{"start":{"line":109,"column":8},"end":{"line":109,"column":62}},"54":{"start":{"line":115,"column":0},"end":{"line":119,"column":1}},"55":{"start":{"line":116,"column":4},"end":{"line":118,"column":7}},"56":{"start":{"line":117,"column":8},"end":{"line":117,"column":81}},"57":{"start":{"line":121,"column":0},"end":{"line":121,"column":21}}},"fnMap":{"0":{"name":"(anonymous_0)","decl":{"start":{"line":10,"column":8},"end":{"line":10,"column":9}},"loc":{"start":{"line":10,"column":20},"end":{"line":19,"column":1}},"line":10},"1":{"name":"(anonymous_1)","decl":{"start":{"line":15,"column":18},"end":{"line":15,"column":19}},"loc":{"start":{"line":15,"column":30},"end":{"line":17,"column":5}},"line":15},"2":{"name":"(anonymous_2)","decl":{"start":{"line":19,"column":9},"end":{"line":19,"column":10}},"loc":{"start":{"line":19,"column":16},"end":{"line":21,"column":1}},"line":19},"3":{"name":"(anonymous_3)","decl":{"start":{"line":44,"column":19},"end":{"line":44,"column":20}},"loc":{"start":{"line":44,"column":39},"end":{"line":84,"column":1}},"line":44},"4":{"name":"(anonymous_4)","decl":{"start":{"line":88,"column":24},"end":{"line":88,"column":25}},"loc":{"start":{"line":88,"column":44},"end":{"line":111,"column":1}},"line":88},"5":{"name":"(anonymous_5)","decl":{"start":{"line":116,"column":21},"end":{"line":116,"column":22}},"loc":{"start":{"line":116,"column":27},"end":{"line":118,"column":5}},"line":116}},"branchMap":{"0":{"loc":{"start":{"line":54,"column":4},"end":{"line":57,"column":5}},"type":"if","locations":[{"start":{"line":54,"column":4},"end":{"line":57,"column":5}},{"start":{},"end":{}}],"line":54},"1":{"loc":{"start":{"line":59,"column":4},"end":{"line":62,"column":5}},"type":"if","locations":[{"start":{"line":59,"column":4},"end":{"line":62,"column":5}},{"start":{},"end":{}}],"line":59},"2":{"loc":{"start":{"line":67,"column":8},"end":{"line":70,"column":9}},"type":"if","locations":[{"start":{"line":67,"column":8},"end":{"line":70,"column":9}},{"start":{},"end":{}}],"line":67},"3":{"loc":{"start":{"line":72,"column":8},"end":{"line":78,"column":9}},"type":"if","locations":[{"start":{"line":72,"column":8},"end":{"line":78,"column":9}},{"start":{"line":75,"column":15},"end":{"line":78,"column":9}}],"line":72},"4":{"loc":{"start":{"line":92,"column":4},"end":{"line":95,"column":5}},"type":"if","locations":[{"start":{"line":92,"column":4},"end":{"line":95,"column":5}},{"start":{},"end":{}}],"line":92},"5":{"loc":{"start":{"line":92,"column":8},"end":{"line":92,"column":40}},"type":"binary-expr","locations":[{"start":{"line":92,"column":8},"end":{"line":92,"column":21}},{"start":{"line":92,"column":25},"end":{"line":92,"column":30}},{"start":{"line":92,"column":34},"end":{"line":92,"column":40}}],"line":92},"6":{"loc":{"start":{"line":115,"column":0},"end":{"line":119,"column":1}},"type":"if","locations":[{"start":{"line":115,"column":0},"end":{"line":119,"column":1}},{"start":{},"end":{}}],"line":115}},"s":{"0":1,"1":1,"2":1,"3":1,"4":1,"5":1,"6":1,"7":1,"8":1,"9":0,"10":0,"11":1,"12":1,"13":1,"14":1,"15":1,"16":1,"17":1,"18":1,"19":3,"20":3,"21":3,"22":3,"23":3,"24":3,"25":1,"26":1,"27":2,"28":1,"29":1,"30":1,"31":1,"32":1,"33":1,"34":1,"35":0,"36":0,"37":0,"38":0,"39":0,"40":0,"41":0,"42":1,"43":1,"44":1,"45":0,"46":0,"47":1,"48":1,"49":1,"50":1,"51":1,"52":0,"53":0,"54":1,"55":0,"56":0,"57":1},"f":{"0":1,"1":0,"2":0,"3":3,"4":1,"5":0},"b":{"0":[1,2],"1":[1,1],"2":[1,0],"3":[0,0],"4":[0,1],"5":[1,1,1],"6":[0,1]},"_coverageSchema":"1a1c01bbd47fc00a2c39e90264f33305004495a9","hash":"3a0d9ee5ed66cbe1afcf7595dceaa81fe9959a73"}
}
