TN:
SF:server.js
FN:10,(anonymous_0)
FN:15,(anonymous_1)
FN:19,(anonymous_2)
FN:44,(anonymous_3)
FN:88,(anonymous_4)
FN:116,(anonymous_5)
FNF:6
FNH:3
FNDA:1,(anonymous_0)
FNDA:0,(anonymous_1)
FNDA:0,(anonymous_2)
FNDA:3,(anonymous_3)
FNDA:1,(anonymous_4)
FNDA:0,(anonymous_5)
DA:1,1
DA:2,1
DA:3,1
DA:4,1
DA:7,1
DA:11,1
DA:13,1
DA:14,1
DA:15,1
DA:16,0
DA:20,0
DA:24,1
DA:28,1
DA:30,1
DA:36,1
DA:39,1
DA:40,1
DA:41,1
DA:44,1
DA:45,3
DA:46,3
DA:48,3
DA:51,3
DA:52,3
DA:54,3
DA:55,1
DA:56,1
DA:59,2
DA:60,1
DA:61,1
DA:64,1
DA:65,1
DA:67,1
DA:68,1
DA:69,1
DA:72,0
DA:73,0
DA:74,0
DA:76,0
DA:77,0
DA:81,0
DA:82,0
DA:88,1
DA:89,1
DA:92,1
DA:93,0
DA:94,0
DA:97,1
DA:98,1
DA:104,1
DA:105,1
DA:106,1
DA:108,0
DA:109,0
DA:115,1
DA:116,0
DA:117,0
DA:121,1
LF:58
LH:43
BRDA:54,0,0,1
BRDA:54,0,1,2
BRDA:59,1,0,1
BRDA:59,1,1,1
BRDA:67,2,0,1
BRDA:67,2,1,0
BRDA:72,3,0,0
BRDA:72,3,1,0
BRDA:92,4,0,0
BRDA:92,4,1,1
BRDA:92,5,0,1
BRDA:92,5,1,1
BRDA:92,5,2,1
BRDA:115,6,0,0
BRDA:115,6,1,1
BRF:15
BRH:10
end_of_record
